TN:
SF:C:\development\SourceControl\Konig\app.js
FN:32,(anonymous_1)
FN:43,(anonymous_2)
FN:54,(anonymous_3)
FN:62,(anonymous_4)
FNF:4
FNH:1
FNDA:0,(anonymous_1)
FNDA:0,(anonymous_2)
FNDA:0,(anonymous_3)
FNDA:1,(anonymous_4)
DA:4,1
DA:5,1
DA:6,1
DA:7,1
DA:8,1
DA:9,1
DA:10,1
DA:11,1
DA:14,1
DA:15,1
DA:17,1
DA:19,1
DA:20,1
DA:22,1
DA:23,1
DA:26,1
DA:27,1
DA:29,1
DA:32,1
DA:33,0
DA:34,0
DA:35,0
DA:42,1
DA:43,1
DA:44,0
DA:45,0
DA:54,1
DA:55,0
DA:56,0
DA:62,1
DA:63,1
DA:66,1
LF:32
LH:25
BRDA:42,1,0,1
BRDA:42,1,1,0
BRDA:44,2,0,0
BRDA:44,2,1,0
BRDA:55,3,0,0
BRDA:55,3,1,0
BRF:6
BRH:1
end_of_record
TN:
SF:C:\development\SourceControl\Konig\services\logger.js
FN:32,(anonymous_1)
FNF:1
FNH:1
FNDA:4,(anonymous_1)
DA:4,1
DA:6,1
DA:8,1
DA:29,1
DA:31,1
DA:33,4
LF:6
LH:6
BRF:0
BRH:0
end_of_record
TN:
SF:C:\development\SourceControl\Konig\routes\index.js
FN:15,(anonymous_1)
FN:19,(anonymous_2)
FN:24,(anonymous_3)
FN:29,(anonymous_4)
FN:34,(anonymous_5)
FN:39,(anonymous_6)
FN:41,(anonymous_7)
FN:44,(anonymous_8)
FN:50,(anonymous_9)
FN:52,(anonymous_10)
FN:55,(anonymous_11)
FN:61,(anonymous_12)
FN:63,(anonymous_13)
FN:67,(anonymous_14)
FN:74,(anonymous_15)
FN:76,(anonymous_16)
FN:79,(anonymous_17)
FN:85,(anonymous_18)
FN:87,(anonymous_19)
FN:90,(anonymous_20)
FN:96,(anonymous_21)
FN:98,(anonymous_22)
FN:101,(anonymous_23)
FNF:23
FNH:6
FNDA:0,(anonymous_1)
FNDA:0,(anonymous_2)
FNDA:0,(anonymous_3)
FNDA:0,(anonymous_4)
FNDA:0,(anonymous_5)
FNDA:2,(anonymous_6)
FNDA:2,(anonymous_7)
FNDA:0,(anonymous_8)
FNDA:0,(anonymous_9)
FNDA:0,(anonymous_10)
FNDA:0,(anonymous_11)
FNDA:1,(anonymous_12)
FNDA:1,(anonymous_13)
FNDA:0,(anonymous_14)
FNDA:0,(anonymous_15)
FNDA:0,(anonymous_16)
FNDA:0,(anonymous_17)
FNDA:1,(anonymous_18)
FNDA:1,(anonymous_19)
FNDA:0,(anonymous_20)
FNDA:0,(anonymous_21)
FNDA:0,(anonymous_22)
FNDA:0,(anonymous_23)
DA:4,1
DA:5,1
DA:6,1
DA:7,1
DA:8,1
DA:9,1
DA:10,1
DA:11,1
DA:15,1
DA:16,0
DA:19,1
DA:20,0
DA:24,1
DA:25,0
DA:29,1
DA:30,0
DA:34,1
DA:35,0
DA:39,1
DA:40,2
DA:42,2
DA:45,0
DA:49,1
DA:51,0
DA:53,0
DA:56,0
DA:60,1
DA:62,1
DA:64,1
DA:65,1
DA:68,0
DA:69,0
DA:73,1
DA:75,0
DA:77,0
DA:80,0
DA:84,1
DA:86,1
DA:88,1
DA:91,0
DA:95,1
DA:97,0
DA:99,0
DA:102,0
DA:106,1
LF:45
LH:27
BRF:0
BRH:0
end_of_record
TN:
SF:C:\development\SourceControl\Konig\services\api.js
FN:10,Api
FN:14,(anonymous_2)
FN:16,(anonymous_3)
FN:20,(anonymous_4)
FN:23,(anonymous_5)
FN:30,(anonymous_6)
FN:34,(anonymous_7)
FN:43,(anonymous_8)
FN:52,(anonymous_9)
FN:54,(anonymous_10)
FN:68,(anonymous_11)
FN:71,(anonymous_12)
FN:78,(anonymous_13)
FN:87,(anonymous_14)
FN:93,(anonymous_15)
FN:96,(anonymous_16)
FN:103,(anonymous_17)
FNF:17
FNH:10
FNDA:2,Api
FNDA:4,(anonymous_2)
FNDA:4,(anonymous_3)
FNDA:0,(anonymous_4)
FNDA:0,(anonymous_5)
FNDA:2,(anonymous_6)
FNDA:2,(anonymous_7)
FNDA:2,(anonymous_8)
FNDA:2,(anonymous_9)
FNDA:2,(anonymous_10)
FNDA:0,(anonymous_11)
FNDA:0,(anonymous_12)
FNDA:6,(anonymous_13)
FNDA:6,(anonymous_14)
FNDA:0,(anonymous_15)
FNDA:0,(anonymous_16)
FNDA:0,(anonymous_17)
DA:3,1
DA:4,1
DA:5,1
DA:6,1
DA:10,1
DA:11,2
DA:14,1
DA:15,4
DA:17,4
DA:18,4
DA:21,0
DA:22,0
DA:24,0
DA:25,0
DA:30,1
DA:31,2
DA:34,1
DA:35,2
DA:40,2
DA:43,1
DA:44,2
DA:49,2
DA:52,1
DA:53,2
DA:55,2
DA:59,2
DA:60,2
DA:62,2
DA:69,0
DA:70,0
DA:72,0
DA:73,0
DA:78,1
DA:79,6
DA:88,6
DA:89,6
DA:91,0
DA:94,0
DA:95,0
DA:97,0
DA:98,0
DA:103,1
DA:104,0
DA:107,1
LF:44
LH:30
BRDA:17,1,0,4
BRDA:17,1,1,0
BRDA:59,2,0,2
BRDA:59,2,1,0
BRDA:88,3,0,6
BRDA:88,3,1,0
BRF:6
BRH:3
end_of_record
TN:
SF:C:\development\SourceControl\Konig\services\apiError.js
FN:6,ApiError
FNF:1
FNH:0
FNDA:0,ApiError
DA:6,1
DA:7,0
DA:8,0
DA:9,0
DA:12,1
DA:14,1
LF:6
LH:3
BRDA:8,1,0,0
BRDA:8,1,1,0
BRDA:9,2,0,0
BRDA:9,2,1,0
BRF:4
BRH:0
end_of_record
TN:
SF:C:\development\SourceControl\Konig\services\userError.js
FN:6,UserError
FNF:1
FNH:0
FNDA:0,UserError
DA:6,1
DA:7,0
DA:8,0
DA:9,0
DA:12,1
DA:14,1
LF:6
LH:3
BRDA:8,1,0,0
BRDA:8,1,1,0
BRDA:9,2,0,0
BRDA:9,2,1,0
BRF:4
BRH:0
end_of_record
TN:
SF:C:\development\SourceControl\Konig\models\query.js
FN:7,Query
FNF:1
FNH:1
FNDA:2,Query
DA:7,1
DA:8,2
DA:9,2
DA:10,2
DA:11,2
DA:14,1
LF:6
LH:6
BRF:0
BRH:0
end_of_record
TN:
SF:C:\development\SourceControl\Konig\services\queryError.js
FN:6,QueryError
FNF:1
FNH:0
FNDA:0,QueryError
DA:6,1
DA:7,0
DA:8,0
DA:9,0
DA:12,1
DA:14,1
LF:6
LH:3
BRDA:8,1,0,0
BRDA:8,1,1,0
BRDA:9,2,0,0
BRDA:9,2,1,0
BRF:4
BRH:0
end_of_record
TN:
SF:C:\development\SourceControl\Konig\services\graphTransformer.js
FN:10,GraphTransformer
FN:13,(anonymous_2)
FN:38,indexOfNode
FNF:3
FNH:3
FNDA:5,GraphTransformer
FNDA:4,(anonymous_2)
FNDA:8,indexOfNode
DA:5,1
DA:6,1
DA:10,1
DA:13,1
DA:14,4
DA:15,2
DA:16,2
DA:18,2
DA:20,2
DA:21,4
DA:22,4
DA:24,2
DA:25,2
DA:26,7
DA:28,2
DA:30,2
DA:31,4
DA:32,4
DA:33,4
DA:35,2
DA:38,1
DA:39,8
DA:40,20
DA:41,8
DA:46,1
LF:25
LH:25
BRDA:14,1,0,2
BRDA:14,1,1,2
BRDA:14,2,0,4
BRDA:14,2,1,3
BRDA:40,3,0,8
BRDA:40,3,1,12
BRF:6
BRH:6
end_of_record
TN:
SF:C:\development\SourceControl\Konig\services\graphTransformerError.js
FN:7,GraphTransformerError
FNF:1
FNH:1
FNDA:2,GraphTransformerError
DA:7,1
DA:8,2
DA:9,2
DA:10,2
DA:13,1
DA:15,1
LF:6
LH:6
BRDA:9,1,0,2
BRDA:9,1,1,0
BRDA:10,2,0,2
BRDA:10,2,1,2
BRF:4
BRH:3
end_of_record
